[2024-03-05 09:55:03] Server     INFO  Apache Jena Fuseki 4.6.1
[2024-03-05 09:55:03] Server     INFO  Configuration file: ../.fuseki.ttl
[2024-03-05 09:55:03] Server     INFO  Path = /tutorial2
[2024-03-05 09:55:03] Server     INFO  System
[2024-03-05 09:55:03] Server     INFO    Memory: 8.0 GiB
[2024-03-05 09:55:03] Server     INFO    Java:   17.0.10
[2024-03-05 09:55:03] Server     INFO    OS:     Mac OS X 14.3 aarch64
[2024-03-05 09:55:03] Server     INFO    PID:    21974
[2024-03-05 09:55:03] Server     INFO  Start Fuseki (http=3030)
[2024-03-05 09:55:06] Fuseki     INFO  [1] GET http://localhost:3030/tutorial2/sparql?query=select%20?g%20%7B%20graph%20?g%20%7B%20?o%20a%20%3Chttp://www.w3.org/2002/07/owl%23Ontology%3E%20%7D%20%7D
[2024-03-05 09:55:06] Fuseki     INFO  [1] Query = select ?g { graph ?g { ?o a <http://www.w3.org/2002/07/owl#Ontology> } }
[2024-03-05 09:55:06] Fuseki     INFO  [1] 200 OK (19 ms)
[2024-03-05 09:55:06] Fuseki     INFO  [2] PUT http://localhost:3030/tutorial2?graph=http://example.com/tutorial2/description/bundle/individuals
[2024-03-05 09:55:06] Fuseki     INFO  [3] PUT http://localhost:3030/tutorial2?graph=http://example.com/tutorial2/description/objectives
[2024-03-05 09:55:06] Fuseki     INFO  [4] PUT http://localhost:3030/tutorial2?graph=http://example.com/tutorial2/description/bundle/classes
[2024-03-05 09:55:06] Fuseki     INFO  [5] PUT http://localhost:3030/tutorial2?graph=http://example.com/tutorial2/vocabulary/mission
[2024-03-05 09:55:06] Fuseki     INFO  [6] PUT http://localhost:3030/tutorial2?graph=http://example.com/tutorial2/vocabulary/base
[2024-03-05 09:55:06] Fuseki     INFO  [7] PUT http://localhost:3030/tutorial2?graph=http://example.com/tutorial2/description/bundle/properties
[2024-03-05 09:55:06] Fuseki     INFO  [8] PUT http://localhost:3030/tutorial2?graph=http://example.com/tutorial2/vocabulary/bundle
[2024-03-05 09:55:06] Fuseki     INFO  [9] PUT http://localhost:3030/tutorial2?graph=http://example.com/tutorial2/description/bundle
[2024-03-05 09:55:06] Fuseki     INFO  [2] Body: Content-Length=77825, Content-Type=text/turtle, Charset=null => Turtle : Count=924 Triples=924 Quads=0
[2024-03-05 09:55:06] Fuseki     INFO  [2] 201 Created (82 ms)
[2024-03-05 09:55:06] Fuseki     INFO  [3] Body: Content-Length=6581, Content-Type=application/rdf+xml, Charset=null => RDF/XML : Count=41 Triples=41 Quads=0
[2024-03-05 09:55:06] Fuseki     INFO  [3] 201 Created (125 ms)
[2024-03-05 09:55:06] Fuseki     INFO  [4] Body: Content-Length=25540, Content-Type=text/turtle, Charset=null => Turtle : Count=369 Triples=369 Quads=0
[2024-03-05 09:55:06] Fuseki     INFO  [4] 201 Created (139 ms)
[2024-03-05 09:55:06] Fuseki     INFO  [5] Body: Content-Length=40875, Content-Type=application/rdf+xml, Charset=null => RDF/XML : Count=365 Triples=365 Quads=0
[2024-03-05 09:55:06] Fuseki     INFO  [5] 201 Created (165 ms)
[2024-03-05 09:55:06] Fuseki     INFO  [6] Body: Content-Length=16489, Content-Type=application/rdf+xml, Charset=null => RDF/XML : Count=135 Triples=135 Quads=0
[2024-03-05 09:55:06] Fuseki     INFO  [6] 201 Created (179 ms)
[2024-03-05 09:55:06] Fuseki     INFO  [7] Body: Content-Length=19814, Content-Type=text/turtle, Charset=null => Turtle : Count=258 Triples=258 Quads=0
[2024-03-05 09:55:06] Fuseki     INFO  [7] 201 Created (189 ms)
[2024-03-05 09:55:06] Fuseki     INFO  [8] Body: Content-Length=9395, Content-Type=application/rdf+xml, Charset=null => RDF/XML : Count=152 Triples=152 Quads=0
[2024-03-05 09:55:06] Fuseki     INFO  [8] 201 Created (199 ms)
[2024-03-05 09:55:06] Fuseki     INFO  [9] Body: Content-Length=18229, Content-Type=application/rdf+xml, Charset=null => RDF/XML : Count=174 Triples=174 Quads=0
[2024-03-05 09:55:06] Fuseki     INFO  [9] 201 Created (211 ms)
[2024-03-05 09:55:06] Fuseki     INFO  [11] GET http://localhost:3030/tutorial2/sparql?query=PREFIX%20%20mission:%20%3Chttp://example.com/tutorial2/vocabulary/mission%23%3E%0APREFIX%20%20rdfs:%20%3Chttp://www.w3.org/2000/01/rdf-schema%23%3E%0APREFIX%20%20base:%20%3Chttp://example.com/tutorial2/vocabulary/base%23%3E%0APREFIX%20%20oml:%20%20%3Chttp://opencaesar.io/oml%23%3E%0A%0ASELECT%20DISTINCT%20%20?r_id%20?c_name%20?i_name%0AWHERE%0A%20%20%7B%20?r%20%20%20%20a%20%20%20%20%20%20%20%20%20%20%20%20%20%20%20%20%20%20%20%20%20mission:Requirement%20%3B%0A%20%20%20%20%20%20%20%20%20%20base:hasIdentifier%20%20%20%20?r_id%20%3B%0A%20%20%20%20%20%20%20%20%20%20mission:specifies%20%20%20%20%20_:b0%20.%0A%20%20%20%20_:b0%20%20a%20%20%20%20%20%20%20%20%20%20%20%20%20%20%20%20%20%20%20%20%20mission:Presents%20%3B%0A%20%20%20%20%20%20%20%20%20%20oml:hasSource%20%20%20%20%20%20%20%20%20_:b1%20.%0A%20%20%20%20_:b1%20%20base:hasCanonicalName%20%20?c_name%20.%0A%20%20%20%20_:b0%20%20oml:hasTarget%20%20%20%20%20%20%20%20%20_:b2%20.%0A%20%20%20%20_:b2%20%20base:hasCanonicalName%20%20?i_name%0A%20%20%7D%0AORDER%20BY%20?r_id%20?c_name%20?i_name%0A
[2024-03-05 09:55:06] Fuseki     INFO  [11] Query = PREFIX  mission: <http://example.com/tutorial2/vocabulary/mission#> PREFIX  rdfs: <http://www.w3.org/2000/01/rdf-schema#> PREFIX  base: <http://example.com/tutorial2/vocabulary/base#> PREFIX  oml:  <http://opencaesar.io/oml#>  SELECT DISTINCT  ?r_id ?c_name ?i_name WHERE   { ?r    a                     mission:Requirement ;           base:hasIdentifier    ?r_id ;           mission:specifies     _:b0 .     _:b0  a                     mission:Presents ;           oml:hasSource         _:b1 .     _:b1  base:hasCanonicalName  ?c_name .     _:b0  oml:hasTarget         _:b2 .     _:b2  base:hasCanonicalName  ?i_name   } ORDER BY ?r_id ?c_name ?i_name 
[2024-03-05 09:55:06] Fuseki     INFO  [10] GET http://localhost:3030/tutorial2/sparql?query=PREFIX%20%20mission:%20%3Chttp://example.com/tutorial2/vocabulary/mission%23%3E%0APREFIX%20%20base:%20%3Chttp://example.com/tutorial2/vocabulary/base%23%3E%0A%0ASELECT%20DISTINCT%20%20?m_id%20?m_name%20?o_id%20?o_name%0AWHERE%0A%20%20%7B%20?m%20%20%20%20a%20%20%20%20%20%20%20%20%20%20%20%20%20%20%20%20%20%20%20%20%20mission:Mission%20%3B%0A%20%20%20%20%20%20%20%20%20%20base:hasIdentifier%20%20%20%20?m_id%20%3B%0A%20%20%20%20%20%20%20%20%20%20base:hasCanonicalName%20%20?m_name%20%3B%0A%20%20%20%20%20%20%20%20%20%20mission:pursues%20%20%20%20%20%20%20_:b0%20.%0A%20%20%20%20_:b0%20%20a%20%20%20%20%20%20%20%20%20%20%20%20%20%20%20%20%20%20%20%20%20mission:Objective%20%3B%0A%20%20%20%20%20%20%20%20%20%20base:hasIdentifier%20%20%20%20?o_id%20%3B%0A%20%20%20%20%20%20%20%20%20%20base:hasCanonicalName%20%20?o_name%0A%20%20%7D%0AORDER%20BY%20?m_id%20?o_id%0A
[2024-03-05 09:55:06] Fuseki     INFO  [10] Query = PREFIX  mission: <http://example.com/tutorial2/vocabulary/mission#> PREFIX  base: <http://example.com/tutorial2/vocabulary/base#>  SELECT DISTINCT  ?m_id ?m_name ?o_id ?o_name WHERE   { ?m    a                     mission:Mission ;           base:hasIdentifier    ?m_id ;           base:hasCanonicalName  ?m_name ;           mission:pursues       _:b0 .     _:b0  a                     mission:Objective ;           base:hasIdentifier    ?o_id ;           base:hasCanonicalName  ?o_name   } ORDER BY ?m_id ?o_id 
[2024-03-05 09:55:06] Fuseki     INFO  [12] GET http://localhost:3030/tutorial2/sparql?query=PREFIX%20%20mission:%20%3Chttp://example.com/tutorial2/vocabulary/mission%23%3E%0APREFIX%20%20base:%20%3Chttp://example.com/tutorial2/vocabulary/base%23%3E%0A%0ASELECT%20DISTINCT%20%20?o1_id%20?o1_name%20?o2_id%20?o2_name%0AWHERE%0A%20%20%7B%20?o1%20%20%20a%20%20%20%20%20%20%20%20%20%20%20%20%20%20%20%20%20%20%20%20%20mission:Objective%20%3B%0A%20%20%20%20%20%20%20%20%20%20base:hasIdentifier%20%20%20%20?o1_id%20%3B%0A%20%20%20%20%20%20%20%20%20%20base:hasCanonicalName%20%20?o1_name%20%3B%0A%20%20%20%20%20%20%20%20%20%20base:aggregates%20%20%20%20%20%20%20_:b0%20.%0A%20%20%20%20_:b0%20%20base:hasIdentifier%20%20%20%20?o2_id%20%3B%0A%20%20%20%20%20%20%20%20%20%20base:hasCanonicalName%20%20?o2_name%0A%20%20%7D%0AORDER%20BY%20?o1_id%20?o2_id%0A
[2024-03-05 09:55:06] Fuseki     INFO  [12] Query = PREFIX  mission: <http://example.com/tutorial2/vocabulary/mission#> PREFIX  base: <http://example.com/tutorial2/vocabulary/base#>  SELECT DISTINCT  ?o1_id ?o1_name ?o2_id ?o2_name WHERE   { ?o1   a                     mission:Objective ;           base:hasIdentifier    ?o1_id ;           base:hasCanonicalName  ?o1_name ;           base:aggregates       _:b0 .     _:b0  base:hasIdentifier    ?o2_id ;           base:hasCanonicalName  ?o2_name   } ORDER BY ?o1_id ?o2_id 
[2024-03-05 09:55:06] Fuseki     INFO  [13] GET http://localhost:3030/tutorial2/sparql?query=PREFIX%20%20mission:%20%3Chttp://example.com/tutorial2/vocabulary/mission%23%3E%0APREFIX%20%20vim4:%20%3Chttp://bipm.org/jcgm/vim4%23%3E%0APREFIX%20%20base:%20%3Chttp://example.com/tutorial2/vocabulary/base%23%3E%0A%0ASELECT%20DISTINCT%20%20?c1_id%20?c1_name%20?c1_mass%20?c2_id%20?c2_name%0AWHERE%0A%20%20%7B%20?c1%20%20a%20%20%20%20%20%20%20%20%20%20%20%20%20%20%20%20%20%20%20%20%20mission:Component%20%3B%0A%20%20%20%20%20%20%20%20%20base:hasIdentifier%20%20%20%20?c1_id%20%3B%0A%20%20%20%20%20%20%20%20%20base:hasCanonicalName%20%20?c1_name%0A%20%20%20%20OPTIONAL%0A%20%20%20%20%20%20%7B%20?c1%20%20base:isContainedIn%20%20%20%20?c2%20.%0A%20%20%20%20%20%20%20%20?c2%20%20base:hasIdentifier%20%20%20%20?c2_id%20%3B%0A%20%20%20%20%20%20%20%20%20%20%20%20%20base:hasCanonicalName%20%20?c2_name%0A%20%20%20%20%20%20%7D%0A%20%20%20%20OPTIONAL%0A%20%20%20%20%20%20%7B%20?c1_mass_mag%20%20vim4:characterizes%20%20?c1%20%3B%0A%20%20%20%20%20%20%20%20%20%20%20%20%20%20%20%20%20%20vim4:hasDoubleNumber%20%20?c1_mass%0A%20%20%20%20%20%20%7D%0A%20%20%7D%0AORDER%20BY%20?c1_id%20?c2_id%0A
[2024-03-05 09:55:06] Fuseki     INFO  [13] Query = PREFIX  mission: <http://example.com/tutorial2/vocabulary/mission#> PREFIX  vim4: <http://bipm.org/jcgm/vim4#> PREFIX  base: <http://example.com/tutorial2/vocabulary/base#>  SELECT DISTINCT  ?c1_id ?c1_name ?c1_mass ?c2_id ?c2_name WHERE   { ?c1  a                     mission:Component ;          base:hasIdentifier    ?c1_id ;          base:hasCanonicalName  ?c1_name     OPTIONAL       { ?c1  base:isContainedIn    ?c2 .         ?c2  base:hasIdentifier    ?c2_id ;              base:hasCanonicalName  ?c2_name       }     OPTIONAL       { ?c1_mass_mag  vim4:characterizes  ?c1 ;                   vim4:hasDoubleNumber  ?c1_mass       }   } ORDER BY ?c1_id ?c2_id 
[2024-03-05 09:55:06] Fuseki     INFO  [14] GET http://localhost:3030/tutorial2/sparql?query=PREFIX%20%20mission:%20%3Chttp://example.com/tutorial2/vocabulary/mission%23%3E%0APREFIX%20%20base:%20%3Chttp://example.com/tutorial2/vocabulary/base%23%3E%0A%0ASELECT%20DISTINCT%20%20?c1_name%20?c2_name%0AWHERE%0A%20%20%7B%20?c1%20%20%20a%20%20%20%20%20%20%20%20%20%20%20%20%20%20%20%20%20%20%20%20%20mission:Component%20%3B%0A%20%20%20%20%20%20%20%20%20%20base:hasCanonicalName%20%20?c1_name%20%3B%0A%20%20%20%20%20%20%20%20%20%20mission:connectsTo%20%20%20%20_:b0%20.%0A%20%20%20%20_:b0%20%20base:hasCanonicalName%20%20?c2_name%0A%20%20%7D%0AORDER%20BY%20?c1_name%20?c2_name%0A
[2024-03-05 09:55:06] Fuseki     INFO  [14] Query = PREFIX  mission: <http://example.com/tutorial2/vocabulary/mission#> PREFIX  base: <http://example.com/tutorial2/vocabulary/base#>  SELECT DISTINCT  ?c1_name ?c2_name WHERE   { ?c1   a                     mission:Component ;           base:hasCanonicalName  ?c1_name ;           mission:connectsTo    _:b0 .     _:b0  base:hasCanonicalName  ?c2_name   } ORDER BY ?c1_name ?c2_name 
[2024-03-05 09:55:06] Fuseki     INFO  [11] 200 OK (31 ms)
[2024-03-05 09:55:06] Fuseki     INFO  [12] 200 OK (25 ms)
[2024-03-05 09:55:06] Fuseki     INFO  [13] 200 OK (21 ms)
[2024-03-05 09:55:06] Fuseki     INFO  [14] 200 OK (21 ms)
[2024-03-05 09:55:06] Fuseki     INFO  [10] 200 OK (30 ms)
